[21:07:30][CommentThread/INFO][GetComments]:开始获取弹幕
[21:07:30][CommentThread/INFO][Translate_bv_to_oid]:开始转换BV号为OID
[21:07:33][CommentThread/INFO][Translate_bv_to_oid]:转换成功，BV号：BV1hy421i7ji，OID：1461925774
[21:07:44][CommentThread/INFO][get_comment]:开始获取评论
[21:07:45][CommentThread/INFO][get_comment]:获取评论成功
[21:07:45][CommentThread/INFO][Paser_XML]:开始解析XML
[21:07:45][CommentThread/INFO][Paser_XML]:解析XML成功
[21:07:45][CommentThread/INFO][GetComments]:弹幕数量：318
[21:07:45][CommentThread/INFO][GetComments]:获取弹幕成功
[21:08:51][CommentThread/INFO][GetComments]:开始获取弹幕
[21:08:51][CommentThread/INFO][Translate_bv_to_oid]:开始转换BV号为OID
[21:09:02][CommentThread/INFO][Translate_bv_to_oid]:转换成功，BV号：BV1hy421i7ji，OID：1461925774
[21:09:14][CommentThread/INFO][get_comment]:开始获取评论
[21:09:15][CommentThread/INFO][get_comment]:获取评论成功
[21:09:15][CommentThread/INFO][Paser_XML]:开始解析XML
[21:09:15][CommentThread/INFO][Paser_XML]:解析XML成功
[21:09:15][CommentThread/INFO][GetComments]:弹幕数量：318
[21:09:15][CommentThread/INFO][GetComments]:获取弹幕成功
[21:09:15][CommentThread/INFO][main]:数据标准化完成
[21:10:38][CommentThread/INFO][GetComments]:开始获取弹幕
[21:10:38][CommentThread/INFO][Translate_bv_to_oid]:开始转换BV号为OID
[21:10:50][CommentThread/INFO][Translate_bv_to_oid]:转换成功，BV号：BV1hy421i7ji，OID：1461925774
[21:11:01][CommentThread/INFO][get_comment]:开始获取评论
[21:11:02][CommentThread/INFO][get_comment]:获取评论成功
[21:11:02][CommentThread/INFO][Paser_XML]:开始解析XML
[21:11:02][CommentThread/INFO][Paser_XML]:解析XML成功
[21:11:02][CommentThread/INFO][GetComments]:弹幕数量：318
[21:11:02][CommentThread/INFO][GetComments]:获取弹幕成功
[21:11:02][CommentThread/INFO][main]:数据标准化完成
[21:11:26][CommentThread/INFO][GetComments]:开始获取弹幕
[21:11:26][CommentThread/INFO][Translate_bv_to_oid]:开始转换BV号为OID
[21:11:38][CommentThread/INFO][Translate_bv_to_oid]:转换成功，BV号：BV1hy421i7ji，OID：1461925774
[21:11:49][CommentThread/INFO][get_comment]:开始获取评论
[21:11:49][CommentThread/INFO][get_comment]:获取评论成功
[21:11:49][CommentThread/INFO][Paser_XML]:开始解析XML
[21:11:49][CommentThread/INFO][Paser_XML]:解析XML成功
[21:11:49][CommentThread/INFO][GetComments]:弹幕数量：318
[21:11:49][CommentThread/INFO][GetComments]:获取弹幕成功
[21:11:49][CommentThread/INFO][main]:数据标准化完成
[21:12:50][CommentThread/INFO][GetComments]:开始获取弹幕
[21:12:50][CommentThread/INFO][Translate_bv_to_oid]:开始转换BV号为OID
[21:13:01][CommentThread/INFO][Translate_bv_to_oid]:转换成功，BV号：BV1hy421i7ji，OID：1461925774
[21:13:13][CommentThread/INFO][get_comment]:开始获取评论
[21:13:14][CommentThread/INFO][get_comment]:获取评论成功
[21:13:14][CommentThread/INFO][Paser_XML]:开始解析XML
[21:13:14][CommentThread/INFO][Paser_XML]:解析XML成功
[21:13:14][CommentThread/INFO][GetComments]:弹幕数量：318
[21:13:14][CommentThread/INFO][GetComments]:获取弹幕成功
[21:13:14][CommentThread/INFO][main]:数据标准化完成
